c:\users\administrator\desktop\imgui_glfw_opengl_template\imgui_glfw_opengl_template\debug\vc143.pdb
c:\users\administrator\desktop\imgui_glfw_opengl_template\imgui_glfw_opengl_template\debug\vc143.idb
c:\users\administrator\desktop\imgui_glfw_opengl_template\imgui_glfw_opengl_template\debug\main.obj
c:\users\administrator\desktop\imgui_glfw_opengl_template\imgui_glfw_opengl_template\debug\imgui_widgets.obj
c:\users\administrator\desktop\imgui_glfw_opengl_template\imgui_glfw_opengl_template\debug\imgui_tables.obj
c:\users\administrator\desktop\imgui_glfw_opengl_template\imgui_glfw_opengl_template\debug\imgui_draw.obj
c:\users\administrator\desktop\imgui_glfw_opengl_template\imgui_glfw_opengl_template\debug\imgui_demo.obj
c:\users\administrator\desktop\imgui_glfw_opengl_template\imgui_glfw_opengl_template\debug\imgui_impl_opengl3.obj
c:\users\administrator\desktop\imgui_glfw_opengl_template\imgui_glfw_opengl_template\debug\imgui_impl_glfw.obj
c:\users\administrator\desktop\imgui_glfw_opengl_template\imgui_glfw_opengl_template\debug\imgui.obj
c:\users\administrator\desktop\imgui_glfw_opengl_template\imgui_glfw_opengl_template\debug\imguifiledialog.obj
c:\users\administrator\desktop\imgui_glfw_opengl_template\imgui_glfw_opengl_template\debug\piccompare_app.obj
c:\users\administrator\desktop\imgui_glfw_opengl_template\debug\imgui_glfw_opengl_template.lib
c:\users\administrator\desktop\imgui_glfw_opengl_template\debug\imgui_glfw_opengl_template.exp
c:\users\administrator\desktop\imgui_glfw_opengl_template\debug\imgui_glfw_opengl_template.pdb
c:\users\administrator\desktop\imgui_glfw_opengl_template\imgui_glfw_opengl_template\debug\imgui_gl.c46bc83f.tlog\cl.command.1.tlog
c:\users\administrator\desktop\imgui_glfw_opengl_template\imgui_glfw_opengl_template\debug\imgui_gl.c46bc83f.tlog\cl.items.tlog
c:\users\administrator\desktop\imgui_glfw_opengl_template\imgui_glfw_opengl_template\debug\imgui_gl.c46bc83f.tlog\cl.read.1.tlog
c:\users\administrator\desktop\imgui_glfw_opengl_template\imgui_glfw_opengl_template\debug\imgui_gl.c46bc83f.tlog\cl.write.1.tlog
c:\users\administrator\desktop\imgui_glfw_opengl_template\imgui_glfw_opengl_template\debug\imgui_gl.c46bc83f.tlog\link-cvtres.read.1.tlog
c:\users\administrator\desktop\imgui_glfw_opengl_template\imgui_glfw_opengl_template\debug\imgui_gl.c46bc83f.tlog\link-cvtres.write.1.tlog
c:\users\administrator\desktop\imgui_glfw_opengl_template\imgui_glfw_opengl_template\debug\imgui_gl.c46bc83f.tlog\link-rc.read.1.tlog
c:\users\administrator\desktop\imgui_glfw_opengl_template\imgui_glfw_opengl_template\debug\imgui_gl.c46bc83f.tlog\link-rc.write.1.tlog
c:\users\administrator\desktop\imgui_glfw_opengl_template\imgui_glfw_opengl_template\debug\imgui_gl.c46bc83f.tlog\link.17780-cvtres.read.1.tlog
c:\users\administrator\desktop\imgui_glfw_opengl_template\imgui_glfw_opengl_template\debug\imgui_gl.c46bc83f.tlog\link.17780-cvtres.write.1.tlog
c:\users\administrator\desktop\imgui_glfw_opengl_template\imgui_glfw_opengl_template\debug\imgui_gl.c46bc83f.tlog\link.17780-rc.read.1.tlog
c:\users\administrator\desktop\imgui_glfw_opengl_template\imgui_glfw_opengl_template\debug\imgui_gl.c46bc83f.tlog\link.17780-rc.write.1.tlog
c:\users\administrator\desktop\imgui_glfw_opengl_template\imgui_glfw_opengl_template\debug\imgui_gl.c46bc83f.tlog\link.17780.read.1.tlog
c:\users\administrator\desktop\imgui_glfw_opengl_template\imgui_glfw_opengl_template\debug\imgui_gl.c46bc83f.tlog\link.17780.write.1.tlog
c:\users\administrator\desktop\imgui_glfw_opengl_template\imgui_glfw_opengl_template\debug\imgui_gl.c46bc83f.tlog\link.command.1.tlog
c:\users\administrator\desktop\imgui_glfw_opengl_template\imgui_glfw_opengl_template\debug\imgui_gl.c46bc83f.tlog\link.read.1.tlog
c:\users\administrator\desktop\imgui_glfw_opengl_template\imgui_glfw_opengl_template\debug\imgui_gl.c46bc83f.tlog\link.write.1.tlog
c:\users\administrator\desktop\imgui_glfw_opengl_template\imgui_glfw_opengl_template\debug\imgui_gl.c46bc83f.tlog\link.write.2u.tlog
